<?xml version="1.0" encoding="UTF-8"?>
<!-- Generated by org.testng.reporters.JUnitXMLReporter -->
<testsuite ignored="0" hostname="Achilles" failures="1" tests="1" name="Test" time="0.079" errors="0" timestamp="2023-10-27T18:38:51 EDT">
  <testcase classname="com.coding.execution.practice.ifElsePractice" name="getBrowser" time="0.0">
    <failure type="org.testng.TestNGException" message="
Parameter &amp;apos;browser&amp;apos; is required by @Test on method getBrowser but has not been marked @Optional or defined
in C:\Users\daach\git\repository\SampleProjectForReview\SampleProject\ParallelBrwsrTstNGForIfElse.xml">
      <![CDATA[org.testng.TestNGException: 
Parameter 'browser' is required by @Test on method getBrowser but has not been marked @Optional or defined
in C:\Users\daach\git\repository\SampleProjectForReview\SampleProject\ParallelBrwsrTstNGForIfElse.xml
at java.base/java.util.concurrent.ThreadPoolExecutor.runWorker(ThreadPoolExecutor.java:1136)
at java.base/java.util.concurrent.ThreadPoolExecutor$Worker.run(ThreadPoolExecutor.java:635)
at java.base/java.lang.Thread.run(Thread.java:833)
... Removed 11 stack frames]]>
    </failure>
  </testcase> <!-- getBrowser -->
</testsuite> <!-- Test -->
